[INFO]  Init start.
[INFO]  SQL init
[INFO]  Init done.
[INFO]  SQL prepare query: SELECT 1+1
[INFO]  SQL prepare query: SELECT obsah, stack FROM poklady WHERE typ='1' AND lokace='tygri'
[INFO]  SQL prepare query: SELECT obsah, stack FROM poklady WHERE typ='1' AND lokace='dalha2'
[INFO]  SQL prepare query: SELECT obsah, stack FROM poklady WHERE typ='1' AND lokace='zk2'
[INFO]  SQL prepare query: SELECT obsah, stack FROM poklady WHERE typ='1' AND lokace='frotrpa'
[INFO]  SQL prepare query: SELECT obsah, stack FROM poklady WHERE typ='1' AND lokace='zk4'
[INFO]  SQL prepare query: SELECT obsah, stack FROM poklady WHERE typ='1' AND lokace='zk3'
[INFO]  SQL prepare query: SELECT obsah, stack FROM poklady WHERE typ='1' AND lokace='zk6'
[INFO]  SQL prepare query: SELECT obsah, stack FROM poklady WHERE typ='1' AND lokace='stinkrypta1'
[INFO]  SQL prepare query: SELECT obsah, stack FROM poklady WHERE typ='1' AND lokace='dragira'
[INFO]  SQL prepare query: SELECT obsah, stack FROM poklady WHERE typ='1' AND lokace='zk5'
[INFO]  SQL prepare query: SELECT obsah, stack FROM poklady WHERE typ='1' AND lokace='dragira1'
[INFO]  SQL prepare query: SELECT obsah, stack FROM poklady WHERE typ='1' AND lokace='dalha1'
[INFO]  SQL prepare query: SELECT obsah, stack FROM poklady WHERE typ='1' AND lokace='pavouci2'
[INFO]  SQL prepare query: SELECT obsah, stack FROM poklady WHERE typ='1' AND lokace='zk1'
[INFO]  SQL prepare query: SELECT obsah, stack FROM poklady WHERE typ='1' AND lokace='stinkrypta2'
[INFO]  SQL prepare query: SELECT obsah, stack FROM poklady WHERE typ='1' AND lokace='dragira3'
[INFO]  SQL prepare query: SELECT obsah, stack FROM poklady WHERE typ='1' AND lokace='jezero2'
[INFO]  SQL prepare query: SELECT obsah, stack FROM poklady WHERE typ='1' AND lokace='pavouci1'
[INFO]  SQL prepare query: SELECT obsah, stack FROM poklady WHERE typ='1' AND lokace='jezero1'
[INFO]  SQL prepare query: SELECT obsah, stack FROM poklady WHERE typ='1' AND lokace='dragira2'
[INFO]  SQL prepare query: SELECT obsah, stack FROM poklady WHERE typ='2' AND lokace='pavouci2'
[INFO]  SQL prepare query: SELECT obsah, stack FROM poklady WHERE typ='2' AND lokace='dragira'
[INFO]  SQL prepare query: SELECT obsah, stack FROM poklady WHERE typ='2' AND lokace='dragira1'
[INFO]  SQL prepare query: SELECT obsah, stack FROM poklady WHERE typ='2' AND lokace='zk2'
[INFO]  SQL prepare query: SELECT obsah, stack FROM poklady WHERE typ='2' AND lokace='zk4'
[INFO]  SQL prepare query: SELECT obsah, stack FROM poklady WHERE typ='2' AND lokace='frotrpa'
[INFO]  SQL prepare query: SELECT obsah, stack FROM poklady WHERE typ='2' AND lokace='pavouci1'
[INFO]  SQL prepare query: SELECT obsah, stack FROM poklady WHERE typ='2' AND lokace='zk3'
[INFO]  SQL prepare query: SELECT obsah, stack FROM poklady WHERE typ='2' AND lokace='dalha2'
[INFO]  SQL prepare query: SELECT obsah, stack FROM poklady WHERE typ='2' AND lokace='dalha1'
[INFO]  SQL prepare query: SELECT obsah, stack FROM poklady WHERE typ='2' AND lokace='jezero1'
[INFO]  SQL prepare query: SELECT obsah, stack FROM poklady WHERE typ='2' AND lokace='jezero2'
[INFO]  SQL prepare query: SELECT obsah, stack FROM poklady WHERE typ='2' AND lokace='dragira3'
[INFO]  SQL prepare query: SELECT obsah, stack FROM poklady WHERE typ='2' AND lokace='zk6'
[INFO]  SQL prepare query: SELECT obsah, stack FROM poklady WHERE typ='2' AND lokace='zk1'
[INFO]  SQL prepare query: SELECT obsah, stack FROM poklady WHERE typ='2' AND lokace='zk5'
[INFO]  SQL prepare query: SELECT obsah, stack FROM poklady WHERE typ='2' AND lokace='tygri'
[INFO]  SQL prepare query: SELECT obsah, stack FROM poklady WHERE typ='2' AND lokace='stinkrypta2'
[INFO]  SQL prepare query: SELECT obsah, stack FROM poklady WHERE typ='2' AND lokace='stinkrypta1'
[INFO]  SQL prepare query: SELECT obsah, stack FROM poklady WHERE typ='2' AND lokace='dragira2'
[INFO]  SQL prepare query: SELECT obsah, stack FROM poklady WHERE typ='3' AND lokace='pavouci2'
[INFO]  SQL prepare query: SELECT obsah, stack FROM poklady WHERE typ='3' AND lokace='pavouci1'
[INFO]  SQL prepare query: SELECT obsah, stack FROM poklady WHERE typ='3' AND lokace='dalha1'
[INFO]  SQL prepare query: SELECT obsah, stack FROM poklady WHERE typ='3' AND lokace='jezero2'
[INFO]  SQL prepare query: SELECT obsah, stack FROM poklady WHERE typ='3' AND lokace='zk2'
[INFO]  SQL prepare query: SELECT obsah, stack FROM poklady WHERE typ='3' AND lokace='dalha2'
[INFO]  SQL prepare query: SELECT obsah, stack FROM poklady WHERE typ='3' AND lokace='frotrpa'
[INFO]  SQL prepare query: SELECT obsah, stack FROM poklady WHERE typ='3' AND lokace='zk4'
[INFO]  SQL prepare query: SELECT obsah, stack FROM poklady WHERE typ='3' AND lokace='zk3'
[INFO]  SQL prepare query: SELECT obsah, stack FROM poklady WHERE typ='3' AND lokace='zk5'
[INFO]  SQL prepare query: SELECT obsah, stack FROM poklady WHERE typ='3' AND lokace='stinkrypta2'
[INFO]  SQL prepare query: SELECT obsah, stack FROM poklady WHERE typ='3' AND lokace='dragira'
[INFO]  SQL prepare query: SELECT obsah, stack FROM poklady WHERE typ='3' AND lokace='zk6'
[INFO]  SQL prepare query: SELECT obsah, stack FROM poklady WHERE typ='3' AND lokace='dragira1'
[INFO]  SQL prepare query: SELECT obsah, stack FROM poklady WHERE typ='3' AND lokace='zk1'
[INFO]  SQL prepare query: SELECT obsah, stack FROM poklady WHERE typ='3' AND lokace='stinkrypta1'
[INFO]  SQL prepare query: SELECT obsah, stack FROM poklady WHERE typ='3' AND lokace='tygri'
[INFO]  SQL prepare query: SELECT obsah, stack FROM poklady WHERE typ='3' AND lokace='dragira3'
[INFO]  SQL prepare query: SELECT obsah, stack FROM poklady WHERE typ='3' AND lokace='jezero1'
[INFO]  SQL prepare query: SELECT obsah, stack FROM poklady WHERE typ='3' AND lokace='dragira2'
[INFO]  SQL prepare query: SELECT obsah, stack FROM poklady WHERE typ='1' AND lokace='grizzly'
[INFO]  SQL prepare query: SELECT obsah, stack FROM poklady WHERE typ='1' AND lokace='zlobri'
[INFO]  SQL prepare query: SELECT obsah, stack FROM poklady WHERE typ='1' AND lokace='radhavrana'
[INFO]  SQL prepare query: SELECT obsah, stack FROM poklady WHERE typ='1' AND lokace='brouci'
[INFO]  SQL prepare query: SELECT obsah, stack FROM poklady WHERE typ='1' AND lokace='mravenci'
[INFO]  SQL prepare query: SELECT obsah, stack FROM poklady WHERE typ='1' AND lokace='farmasklad'
[INFO]  SQL prepare query: SELECT obsah, stack FROM poklady WHERE typ='1' AND lokace='pavouklow'
[INFO]  SQL prepare query: SELECT obsah, stack FROM poklady WHERE typ='1' AND lokace='medvedi'
[INFO]  SQL prepare query: SELECT obsah, stack FROM poklady WHERE typ='1' AND lokace='novinky'
[INFO]  SQL prepare query: SELECT obsah, stack FROM poklady WHERE typ='1' AND lokace='pomocdm'
[INFO]  SQL prepare query: SELECT obsah, stack FROM poklady WHERE typ='2' AND lokace='grizzly'
[INFO]  SQL prepare query: SELECT obsah, stack FROM poklady WHERE typ='2' AND lokace='zlobri'
[INFO]  SQL prepare query: SELECT obsah, stack FROM poklady WHERE typ='2' AND lokace='radhavrana'
[INFO]  SQL prepare query: SELECT obsah, stack FROM poklady WHERE typ='2' AND lokace='medvedi'
[INFO]  SQL prepare query: SELECT obsah, stack FROM poklady WHERE typ='2' AND lokace='pomocdm'
[INFO]  SQL prepare query: SELECT obsah, stack FROM poklady WHERE typ='3' AND lokace='grizzly'
[INFO]  SQL prepare query: SELECT obsah, stack FROM poklady WHERE typ='3' AND lokace='zlobri'
[INFO]  SQL prepare query: SELECT obsah, stack FROM poklady WHERE typ='3' AND lokace='radhavrana'
[INFO]  SQL prepare query: SELECT obsah, stack FROM poklady WHERE typ='3' AND lokace='medvedi'
[INFO]  SQL prepare query: SELECT obsah, stack FROM poklady WHERE typ='3' AND lokace='pomocdm'
[INFO]  SQL prepare query: SELECT obsah, stack FROM poklady WHERE typ='0' AND lokace='a_popelni'
[INFO]  SQL prepare query: SELECT obsah, stack FROM poklady WHERE typ='1' AND lokace='mvvdole1'
[INFO]  SQL prepare query: SELECT obsah, stack FROM poklady WHERE typ='1' AND lokace='mvfahrmed'
[INFO]  SQL prepare query: SELECT obsah, stack FROM poklady WHERE typ='1' AND lokace='monastery4'
[INFO]  SQL prepare query: SELECT obsah, stack FROM poklady WHERE typ='1' AND lokace='mvssk'
[INFO]  SQL prepare query: SELECT obsah, stack FROM poklady WHERE typ='1' AND lokace='monastery1'
[INFO]  SQL prepare query: SELECT obsah, stack FROM poklady WHERE typ='1' AND lokace='mvalik'
[INFO]  SQL prepare query: SELECT obsah, stack FROM poklady WHERE typ='1' AND lokace='mvvdole2'
[INFO]  SQL prepare query: SELECT obsah, stack FROM poklady WHERE typ='1' AND lokace='ledovec2'
[INFO]  SQL prepare query: SELECT obsah, stack FROM poklady WHERE typ='1' AND lokace='monastery2'
[INFO]  SQL prepare query: SELECT obsah, stack FROM poklady WHERE typ='1' AND lokace='mvtalkred'
[INFO]  SQL prepare query: SELECT obsah, stack FROM poklady WHERE typ='1' AND lokace='mvkeling'
[INFO]  SQL prepare query: SELECT obsah, stack FROM poklady WHERE typ='1' AND lokace='mvwarek1'
[INFO]  SQL prepare query: SELECT obsah, stack FROM poklady WHERE typ='1' AND lokace='mvwarek2'
[INFO]  SQL prepare query: SELECT obsah, stack FROM poklady WHERE typ='1' AND lokace='mvnabakal'
[INFO]  SQL prepare query: SELECT obsah, stack FROM poklady WHERE typ='1' AND lokace='mvvdole3'
[INFO]  SQL prepare query: SELECT obsah, stack FROM poklady WHERE typ='1' AND lokace='monastery3'
[INFO]  SQL prepare query: SELECT obsah, stack FROM poklady WHERE typ='1' AND lokace='ledovec1'
[INFO]  SQL prepare query: SELECT obsah, stack FROM poklady WHERE typ='1' AND lokace='mvwarek3'
[INFO]  SQL prepare query: SELECT obsah, stack FROM poklady WHERE typ='1' AND lokace='mvperudoc'
[INFO]  SQL prepare query: SELECT obsah, stack FROM poklady WHERE typ='2' AND lokace='mvvdole1'
[INFO]  SQL prepare query: SELECT obsah, stack FROM poklady WHERE typ='2' AND lokace='mvfahrmed'
[INFO]  SQL prepare query: SELECT obsah, stack FROM poklady WHERE typ='2' AND lokace='monastery4'
[INFO]  SQL prepare query: SELECT obsah, stack FROM poklady WHERE typ='2' AND lokace='mvssk'
[INFO]  SQL prepare query: SELECT obsah, stack FROM poklady WHERE typ='2' AND lokace='monastery1'
[INFO]  SQL prepare query: SELECT obsah, stack FROM poklady WHERE typ='2' AND lokace='mvalik'
[INFO]  SQL prepare query: SELECT obsah, stack FROM poklady WHERE typ='2' AND lokace='mvvdole2'
[INFO]  SQL prepare query: SELECT obsah, stack FROM poklady WHERE typ='2' AND lokace='ledovec2'
[INFO]  SQL prepare query: SELECT obsah, stack FROM poklady WHERE typ='2' AND lokace='monastery2'
[INFO]  SQL prepare query: SELECT obsah, stack FROM poklady WHERE typ='2' AND lokace='mvtalkred'
[INFO]  SQL prepare query: SELECT obsah, stack FROM poklady WHERE typ='2' AND lokace='mvkeling'
[INFO]  SQL prepare query: SELECT obsah, stack FROM poklady WHERE typ='2' AND lokace='mvwarek1'
[INFO]  SQL prepare query: SELECT obsah, stack FROM poklady WHERE typ='2' AND lokace='mvwarek2'
[INFO]  SQL prepare query: SELECT obsah, stack FROM poklady WHERE typ='2' AND lokace='mvnabakal'
[INFO]  SQL prepare query: SELECT obsah, stack FROM poklady WHERE typ='2' AND lokace='mvvdole3'
[INFO]  SQL prepare query: SELECT obsah, stack FROM poklady WHERE typ='2' AND lokace='monastery3'
[INFO]  SQL prepare query: SELECT obsah, stack FROM poklady WHERE typ='2' AND lokace='ledovec1'
[INFO]  SQL prepare query: SELECT obsah, stack FROM poklady WHERE typ='2' AND lokace='mvwarek3'
[INFO]  SQL prepare query: SELECT obsah, stack FROM poklady WHERE typ='2' AND lokace='mvperudoc'
[INFO]  SQL prepare query: SELECT obsah, stack FROM poklady WHERE typ='3' AND lokace='mvvdole1'
[INFO]  SQL prepare query: SELECT obsah, stack FROM poklady WHERE typ='3' AND lokace='mvfahrmed'
[INFO]  SQL prepare query: SELECT obsah, stack FROM poklady WHERE typ='3' AND lokace='monastery4'
[INFO]  SQL prepare query: SELECT obsah, stack FROM poklady WHERE typ='3' AND lokace='mvssk'
[INFO]  SQL prepare query: SELECT obsah, stack FROM poklady WHERE typ='3' AND lokace='monastery1'
[INFO]  SQL prepare query: SELECT obsah, stack FROM poklady WHERE typ='3' AND lokace='mvalik'
[INFO]  SQL prepare query: SELECT obsah, stack FROM poklady WHERE typ='3' AND lokace='mvvdole2'
[INFO]  SQL prepare query: SELECT obsah, stack FROM poklady WHERE typ='3' AND lokace='ledovec2'
[INFO]  SQL prepare query: SELECT obsah, stack FROM poklady WHERE typ='3' AND lokace='monastery2'
[INFO]  SQL prepare query: SELECT obsah, stack FROM poklady WHERE typ='3' AND lokace='mvtalkred'
[INFO]  SQL prepare query: SELECT obsah, stack FROM poklady WHERE typ='3' AND lokace='mvkeling'
[INFO]  SQL prepare query: SELECT obsah, stack FROM poklady WHERE typ='3' AND lokace='mvwarek1'
[INFO]  SQL prepare query: SELECT obsah, stack FROM poklady WHERE typ='3' AND lokace='mvwarek2'
[INFO]  SQL prepare query: SELECT obsah, stack FROM poklady WHERE typ='3' AND lokace='mvnabakal'
[INFO]  SQL prepare query: SELECT obsah, stack FROM poklady WHERE typ='3' AND lokace='mvvdole3'
[INFO]  SQL prepare query: SELECT obsah, stack FROM poklady WHERE typ='3' AND lokace='monastery3'
[INFO]  SQL prepare query: SELECT obsah, stack FROM poklady WHERE typ='3' AND lokace='ledovec1'
[INFO]  SQL prepare query: SELECT obsah, stack FROM poklady WHERE typ='3' AND lokace='mvwarek3'
[INFO]  SQL prepare query: SELECT obsah, stack FROM poklady WHERE typ='3' AND lokace='mvperudoc'
[INFO]  SQL prepare query: SELECT obsah, stack FROM poklady WHERE typ='1' AND lokace='maggris'
[INFO]  SQL prepare query: SELECT obsah, stack FROM poklady WHERE typ='1' AND lokace='beholderi'
[INFO]  SQL prepare query: SELECT obsah, stack FROM poklady WHERE typ='1' AND lokace='peklo'
[INFO]  SQL prepare query: SELECT obsah, stack FROM poklady WHERE typ='1' AND lokace='cerne2'
[INFO]  SQL prepare query: SELECT obsah, stack FROM poklady WHERE typ='1' AND lokace='cerne1'
[INFO]  SQL prepare query: SELECT obsah, stack FROM poklady WHERE typ='1' AND lokace='cerne'
[INFO]  SQL prepare query: SELECT obsah, stack FROM poklady WHERE typ='2' AND lokace='beholderi'
[INFO]  SQL prepare query: SELECT obsah, stack FROM poklady WHERE typ='2' AND lokace='maggris'
[INFO]  SQL prepare query: SELECT obsah, stack FROM poklady WHERE typ='2' AND lokace='cerne2'
[INFO]  SQL prepare query: SELECT obsah, stack FROM poklady WHERE typ='2' AND lokace='cerne1'
[INFO]  SQL prepare query: SELECT obsah, stack FROM poklady WHERE typ='2' AND lokace='cerne'
[INFO]  SQL prepare query: SELECT obsah, stack FROM poklady WHERE typ='2' AND lokace='peklo'
[INFO]  SQL prepare query: SELECT obsah, stack FROM poklady WHERE typ='0' AND lokace='a_popelni'
[INFO]  SQL prepare query: SELECT obsah, stack FROM poklady WHERE typ='3' AND lokace='beholderi'
[INFO]  SQL prepare query: SELECT obsah, stack FROM poklady WHERE typ='3' AND lokace='cerne2'
[INFO]  SQL prepare query: SELECT obsah, stack FROM poklady WHERE typ='3' AND lokace='maggris'
[INFO]  SQL prepare query: SELECT obsah, stack FROM poklady WHERE typ='3' AND lokace='cerne1'
[INFO]  SQL prepare query: SELECT obsah, stack FROM poklady WHERE typ='3' AND lokace='cerne'
[INFO]  SQL prepare query: SELECT obsah, stack FROM poklady WHERE typ='3' AND lokace='peklo'
[INFO]  SQL prepare query: SELECT obsah, stack FROM poklady WHERE typ='1' AND lokace='drow3'
[INFO]  SQL prepare query: SELECT obsah, stack FROM poklady WHERE typ='1' AND lokace='mvvrch'
[INFO]  SQL prepare query: SELECT obsah, stack FROM poklady WHERE typ='1' AND lokace='morie2'
[INFO]  SQL prepare query: SELECT obsah, stack FROM poklady WHERE typ='1' AND lokace='skala'
[INFO]  SQL prepare query: SELECT obsah, stack FROM poklady WHERE typ='1' AND lokace='morie1'
[INFO]  SQL prepare query: SELECT obsah, stack FROM poklady WHERE typ='1' AND lokace='lab2'
[INFO]  SQL prepare query: SELECT obsah, stack FROM poklady WHERE typ='1' AND lokace='drow1'
[INFO]  SQL prepare query: SELECT obsah, stack FROM poklady WHERE typ='1' AND lokace='mvvrch2'
[INFO]  SQL prepare query: SELECT obsah, stack FROM poklady WHERE typ='1' AND lokace='lab1'
[INFO]  SQL prepare query: SELECT obsah, stack FROM poklady WHERE typ='1' AND lokace='tehy'
[INFO]  SQL prepare query: SELECT obsah, stack FROM poklady WHERE typ='1' AND lokace='balrog'
[INFO]  SQL prepare query: SELECT obsah, stack FROM poklady WHERE typ='1' AND lokace='sededoupe'
[INFO]  SQL prepare query: SELECT obsah, stack FROM poklady WHERE typ='1' AND lokace='stoky'
[INFO]  SQL prepare query: SELECT obsah, stack FROM poklady WHERE typ='1' AND lokace='dracolich'
[INFO]  SQL prepare query: SELECT obsah, stack FROM poklady WHERE typ='1' AND lokace='illithidi'
[INFO]  SQL prepare query: SELECT obsah, stack FROM poklady WHERE typ='1' AND lokace='jester'
[INFO]  SQL prepare query: SELECT obsah, stack FROM poklady WHERE typ='1' AND lokace='mechdung'
[INFO]  SQL prepare query: SELECT obsah, stack FROM poklady WHERE typ='1' AND lokace='sluj'
[INFO]  SQL prepare query: SELECT obsah, stack FROM poklady WHERE typ='1' AND lokace='drevhrad'
[INFO]  SQL prepare query: SELECT obsah, stack FROM poklady WHERE typ='1' AND lokace='drideri'
[INFO]  SQL prepare query: SELECT obsah, stack FROM poklady WHERE typ='2' AND lokace='morie2'
[INFO]  SQL prepare query: SELECT obsah, stack FROM poklady WHERE typ='2' AND lokace='morie1'
[INFO]  SQL prepare query: SELECT obsah, stack FROM poklady WHERE typ='2' AND lokace='drow3'
[INFO]  SQL prepare query: SELECT obsah, stack FROM poklady WHERE typ='2' AND lokace='skala'
[INFO]  SQL prepare query: SELECT obsah, stack FROM poklady WHERE typ='2' AND lokace='lab1'
[INFO]  SQL prepare query: SELECT obsah, stack FROM poklady WHERE typ='2' AND lokace='lab2'
[INFO]  SQL prepare query: SELECT obsah, stack FROM poklady WHERE typ='2' AND lokace='drow1'
[INFO]  SQL prepare query: SELECT obsah, stack FROM poklady WHERE typ='2' AND lokace='mvvrch'
[INFO]  SQL prepare query: SELECT obsah, stack FROM poklady WHERE typ='2' AND lokace='tehy'
[INFO]  SQL prepare query: SELECT obsah, stack FROM poklady WHERE typ='2' AND lokace='mvvrch2'
[INFO]  SQL prepare query: SELECT obsah, stack FROM poklady WHERE typ='2' AND lokace='sededoupe'
[INFO]  SQL prepare query: SELECT obsah, stack FROM poklady WHERE typ='2' AND lokace='stoky'
[INFO]  SQL prepare query: SELECT obsah, stack FROM poklady WHERE typ='2' AND lokace='balrog'
[INFO]  SQL prepare query: SELECT obsah, stack FROM poklady WHERE typ='2' AND lokace='illithidi'
[INFO]  SQL prepare query: SELECT obsah, stack FROM poklady WHERE typ='2' AND lokace='dracolich'
[INFO]  SQL prepare query: SELECT obsah, stack FROM poklady WHERE typ='2' AND lokace='drevhrad'
[INFO]  SQL prepare query: SELECT obsah, stack FROM poklady WHERE typ='2' AND lokace='jester'
[INFO]  SQL prepare query: SELECT obsah, stack FROM poklady WHERE typ='2' AND lokace='mechdung'
[INFO]  SQL prepare query: SELECT obsah, stack FROM poklady WHERE typ='2' AND lokace='sluj'
[INFO]  SQL prepare query: SELECT obsah, stack FROM poklady WHERE typ='2' AND lokace='drideri'
[INFO]  SQL prepare query: SELECT obsah, stack FROM poklady WHERE typ='3' AND lokace='morie1'
[INFO]  SQL prepare query: SELECT obsah, stack FROM poklady WHERE typ='3' AND lokace='lab1'
[INFO]  SQL prepare query: SELECT obsah, stack FROM poklady WHERE typ='3' AND lokace='mvvrch'
[INFO]  SQL prepare query: SELECT obsah, stack FROM poklady WHERE typ='3' AND lokace='skala'
[INFO]  SQL prepare query: SELECT obsah, stack FROM poklady WHERE typ='3' AND lokace='drow3'
[INFO]  SQL prepare query: SELECT obsah, stack FROM poklady WHERE typ='3' AND lokace='drow1'
[INFO]  SQL prepare query: SELECT obsah, stack FROM poklady WHERE typ='3' AND lokace='tehy'
[INFO]  SQL prepare query: SELECT obsah, stack FROM poklady WHERE typ='3' AND lokace='sededoupe'
[INFO]  SQL prepare query: SELECT obsah, stack FROM poklady WHERE typ='3' AND lokace='stoky'
[INFO]  SQL prepare query: SELECT obsah, stack FROM poklady WHERE typ='3' AND lokace='balrog'
[INFO]  SQL prepare query: SELECT obsah, stack FROM poklady WHERE typ='3' AND lokace='illithidi'
[INFO]  SQL prepare query: SELECT obsah, stack FROM poklady WHERE typ='3' AND lokace='drevhrad'
[INFO]  SQL prepare query: SELECT obsah, stack FROM poklady WHERE typ='3' AND lokace='dracolich'
[INFO]  SQL prepare query: SELECT obsah, stack FROM poklady WHERE typ='3' AND lokace='mechdung'
[INFO]  SQL prepare query: SELECT obsah, stack FROM poklady WHERE typ='3' AND lokace='jester'
[INFO]  SQL prepare query: SELECT obsah, stack FROM poklady WHERE typ='3' AND lokace='drideri'
[INFO]  SQL prepare query: SELECT obsah, stack FROM poklady WHERE typ='3' AND lokace='sluj'
[INFO]  SQL prepare query: SELECT obsah, stack FROM poklady WHERE typ='1' AND lokace='mvvrchhc1'
[INFO]  SQL prepare query: SELECT obsah, stack FROM poklady WHERE typ='1' AND lokace='mvvrchhc2'
[INFO]  SQL prepare query: SELECT obsah, stack FROM poklady WHERE typ='1' AND lokace='moriehc1'
[INFO]  SQL prepare query: SELECT obsah, stack FROM poklady WHERE typ='1' AND lokace='drow4'
[INFO]  SQL prepare query: SELECT obsah, stack FROM poklady WHERE typ='1' AND lokace='illithidihc'
[INFO]  SQL prepare query: SELECT obsah, stack FROM poklady WHERE typ='1' AND lokace='driderihc'
[INFO]  SQL prepare query: SELECT obsah, stack FROM poklady WHERE typ='1' AND lokace='sedehc'
[INFO]  SQL prepare query: SELECT obsah, stack FROM poklady WHERE typ='1' AND lokace='skala2'
[INFO]  SQL prepare query: SELECT obsah, stack FROM poklady WHERE typ='1' AND lokace='balrog2'
[INFO]  SQL prepare query: SELECT obsah, stack FROM poklady WHERE typ='2' AND lokace='mvvrchhc1'
[INFO]  SQL prepare query: SELECT obsah, stack FROM poklady WHERE typ='2' AND lokace='mvvrchhc2'
[INFO]  SQL prepare query: SELECT obsah, stack FROM poklady WHERE typ='2' AND lokace='moriehc1'
[INFO]  SQL prepare query: SELECT obsah, stack FROM poklady WHERE typ='2' AND lokace='drow4'
[INFO]  SQL prepare query: SELECT obsah, stack FROM poklady WHERE typ='2' AND lokace='illithidihc'
[INFO]  SQL prepare query: SELECT obsah, stack FROM poklady WHERE typ='2' AND lokace='driderihc'
[INFO]  SQL prepare query: SELECT obsah, stack FROM poklady WHERE typ='2' AND lokace='sedehc'
[INFO]  SQL prepare query: SELECT obsah, stack FROM poklady WHERE typ='2' AND lokace='skala2'
[INFO]  SQL prepare query: SELECT obsah, stack FROM poklady WHERE typ='2' AND lokace='balrog2'
[INFO]  SQL prepare query: SELECT obsah, stack FROM poklady WHERE typ='3' AND lokace='mvvrchhc1'
[INFO]  SQL prepare query: SELECT obsah, stack FROM poklady WHERE typ='3' AND lokace='mvvrchhc2'
[INFO]  SQL prepare query: SELECT obsah, stack FROM poklady WHERE typ='3' AND lokace='drow4'
[INFO]  SQL prepare query: SELECT obsah, stack FROM poklady WHERE typ='3' AND lokace='moriehc1'
[INFO]  SQL prepare query: SELECT obsah, stack FROM poklady WHERE typ='3' AND lokace='illithidihc'
[INFO]  SQL prepare query: SELECT obsah, stack FROM poklady WHERE typ='3' AND lokace='driderihc'
[INFO]  SQL prepare query: SELECT obsah, stack FROM poklady WHERE typ='3' AND lokace='sedehc'
[INFO]  SQL prepare query: SELECT obsah, stack FROM poklady WHERE typ='3' AND lokace='skala2'
[INFO]  SQL prepare query: SELECT obsah, stack FROM poklady WHERE typ='3' AND lokace='balrog2'
[INFO]  SQL prepare query: SELECT obsah, stack FROM poklady WHERE typ='0' AND lokace='a_popelni'
[INFO]  SQL prepare query: SELECT obsah, stack FROM poklady WHERE typ='1' AND lokace='origtehy'
[INFO]  SQL prepare query: SELECT obsah, stack FROM poklady WHERE typ='1' AND lokace='kozli2'
[INFO]  SQL prepare query: SELECT obsah, stack FROM poklady WHERE typ='1' AND lokace='koboldi'
[INFO]  SQL prepare query: SELECT obsah, stack FROM poklady WHERE typ='1' AND lokace='kozli3'
[INFO]  SQL prepare query: SELECT obsah, stack FROM poklady WHERE typ='1' AND lokace='ancienoh3'
[INFO]  SQL prepare query: SELECT obsah, stack FROM poklady WHERE typ='1' AND lokace='kozli'
[INFO]  SQL prepare query: SELECT obsah, stack FROM poklady WHERE typ='1' AND lokace='ancienoh1'
[INFO]  SQL prepare query: SELECT obsah, stack FROM poklady WHERE typ='1' AND lokace='ancienoh2'
[INFO]  SQL prepare query: SELECT obsah, stack FROM poklady WHERE typ='1' AND lokace='krysodlaci'
[INFO]  SQL prepare query: SELECT obsah, stack FROM poklady WHERE typ='1' AND lokace='baziny'
[INFO]  SQL prepare query: SELECT obsah, stack FROM poklady WHERE typ='1' AND lokace='skreti'
[INFO]  SQL prepare query: SELECT obsah, stack FROM poklady WHERE typ='1' AND lokace='ObriDoupe'
[INFO]  SQL prepare query: SELECT obsah, stack FROM poklady WHERE typ='1' AND lokace='opustsluj'
[INFO]  SQL prepare query: SELECT obsah, stack FROM poklady WHERE typ='1' AND lokace='krypta'
[INFO]  SQL prepare query: SELECT obsah, stack FROM poklady WHERE typ='1' AND lokace='orci'
[INFO]  SQL prepare query: SELECT obsah, stack FROM poklady WHERE typ='1' AND lokace='Dracula'
[INFO]  SQL prepare query: SELECT obsah, stack FROM poklady WHERE typ='1' AND lokace='vezdung'
[INFO]  SQL prepare query: SELECT obsah, stack FROM poklady WHERE typ='1' AND lokace='rtemnot'
[INFO]  SQL prepare query: SELECT obsah, stack FROM poklady WHERE typ='1' AND lokace='psi'
[INFO]  SQL prepare query: SELECT obsah, stack FROM poklady WHERE typ='2' AND lokace='ancienoh3'
[INFO]  SQL prepare query: SELECT obsah, stack FROM poklady WHERE typ='2' AND lokace='origtehy'
[INFO]  SQL prepare query: SELECT obsah, stack FROM poklady WHERE typ='2' AND lokace='ancienoh1'
[INFO]  SQL prepare query: SELECT obsah, stack FROM poklady WHERE typ='2' AND lokace='ancienoh2'
[INFO]  SQL prepare query: SELECT obsah, stack FROM poklady WHERE typ='2' AND lokace='skreti'
[INFO]  SQL prepare query: SELECT obsah, stack FROM poklady WHERE typ='2' AND lokace='koboldi'
[INFO]  SQL prepare query: SELECT obsah, stack FROM poklady WHERE typ='2' AND lokace='baziny'
[INFO]  SQL prepare query: SELECT obsah, stack FROM poklady WHERE typ='2' AND lokace='krypta'
[INFO]  SQL prepare query: SELECT obsah, stack FROM poklady WHERE typ='2' AND lokace='krysodlaci'
[INFO]  SQL prepare query: SELECT obsah, stack FROM poklady WHERE typ='2' AND lokace='kozli'
[INFO]  SQL prepare query: SELECT obsah, stack FROM poklady WHERE typ='2' AND lokace='orci'
[INFO]  SQL prepare query: SELECT obsah, stack FROM poklady WHERE typ='2' AND lokace='ObriDoupe'
[INFO]  SQL prepare query: SELECT obsah, stack FROM poklady WHERE typ='2' AND lokace='opustsluj'
[INFO]  SQL prepare query: SELECT obsah, stack FROM poklady WHERE typ='2' AND lokace='kozli2'
[INFO]  SQL prepare query: SELECT obsah, stack FROM poklady WHERE typ='2' AND lokace='Dracula'
[INFO]  SQL prepare query: SELECT obsah, stack FROM poklady WHERE typ='2' AND lokace='kozli3'
[INFO]  SQL prepare query: SELECT obsah, stack FROM poklady WHERE typ='2' AND lokace='rtemnot'
[INFO]  SQL prepare query: SELECT obsah, stack FROM poklady WHERE typ='2' AND lokace='psi'
[INFO]  SQL prepare query: SELECT obsah, stack FROM poklady WHERE typ='2' AND lokace='vezdung'
[INFO]  SQL prepare query: SELECT obsah, stack FROM poklady WHERE typ='3' AND lokace='ancienoh3'
[INFO]  SQL prepare query: SELECT obsah, stack FROM poklady WHERE typ='3' AND lokace='origtehy'
[INFO]  SQL prepare query: SELECT obsah, stack FROM poklady WHERE typ='3' AND lokace='ancienoh1'
[INFO]  SQL prepare query: SELECT obsah, stack FROM poklady WHERE typ='3' AND lokace='ancienoh2'
[INFO]  SQL prepare query: SELECT obsah, stack FROM poklady WHERE typ='3' AND lokace='opustsluj'
[INFO]  SQL prepare query: SELECT obsah, stack FROM poklady WHERE typ='3' AND lokace='krysodlaci'
[INFO]  SQL prepare query: SELECT obsah, stack FROM poklady WHERE typ='3' AND lokace='baziny'
[INFO]  SQL prepare query: SELECT obsah, stack FROM poklady WHERE typ='3' AND lokace='skreti'
[INFO]  SQL prepare query: SELECT obsah, stack FROM poklady WHERE typ='3' AND lokace='ObriDoupe'
[INFO]  SQL prepare query: SELECT obsah, stack FROM poklady WHERE typ='3' AND lokace='Dracula'
[INFO]  SQL prepare query: SELECT obsah, stack FROM poklady WHERE typ='3' AND lokace='orci'
[INFO]  SQL prepare query: SELECT obsah, stack FROM poklady WHERE typ='3' AND lokace='krypta'
[INFO]  SQL prepare query: SELECT obsah, stack FROM poklady WHERE typ='3' AND lokace='kozli'
[INFO]  SQL prepare query: SELECT obsah, stack FROM poklady WHERE typ='3' AND lokace='koboldi'
[INFO]  SQL prepare query: SELECT obsah, stack FROM poklady WHERE typ='3' AND lokace='psi'
[INFO]  SQL prepare query: SELECT obsah, stack FROM poklady WHERE typ='3' AND lokace='kozli2'
[INFO]  SQL prepare query: SELECT obsah, stack FROM poklady WHERE typ='3' AND lokace='kozli3'
[INFO]  SQL prepare query: SELECT obsah, stack FROM poklady WHERE typ='3' AND lokace='rtemnot'
[INFO]  SQL prepare query: SELECT obsah, stack FROM poklady WHERE typ='3' AND lokace='vezdung'
[INFO]  SQL prepare query: SELECT obsah, stack FROM poklady WHERE typ='1' AND lokace='bankahard'
[INFO]  SQL prepare query: SELECT obsah, stack FROM poklady WHERE typ='1' AND lokace='bankahc'
[INFO]  SQL prepare query: SELECT obsah, stack FROM poklady WHERE typ='1' AND lokace='bankaeasy'
[INFO]  SQL prepare query: SELECT obsah, stack FROM poklady WHERE typ='1' AND lokace='hraddrax'
[INFO]  SQL prepare query: SELECT obsah, stack FROM poklady WHERE typ='1' AND lokace='hraddrax2'
[INFO]  SQL prepare query: SELECT obsah, stack FROM poklady WHERE typ='1' AND lokace='kobkazatrobr'
[INFO]  SQL prepare query: SELECT obsah, stack FROM poklady WHERE typ='1' AND lokace='peklo1'
[INFO]  SQL prepare query: SELECT obsah, stack FROM poklady WHERE typ='1' AND lokace='kobkazatrskret'
[INFO]  SQL prepare query: SELECT obsah, stack FROM poklady WHERE typ='1' AND lokace='kobkazatrhero'
[INFO]  SQL prepare query: SELECT obsah, stack FROM poklady WHERE typ='1' AND lokace='DimTunelK2'
[INFO]  SQL prepare query: SELECT obsah, stack FROM poklady WHERE typ='1' AND lokace='DimTunelK1'
[INFO]  SQL prepare query: SELECT obsah, stack FROM poklady WHERE typ='1' AND lokace='peklo2'
[INFO]  SQL prepare query: SELECT obsah, stack FROM poklady WHERE typ='1' AND lokace='DimTunel1'
[INFO]  SQL prepare query: SELECT obsah, stack FROM poklady WHERE typ='1' AND lokace='DimTunel2'
[INFO]  SQL prepare query: SELECT obsah, stack FROM poklady WHERE typ='1' AND lokace='DimTunel3'
[INFO]  SQL prepare query: SELECT obsah, stack FROM poklady WHERE typ='2' AND lokace='bankahard'
[INFO]  SQL prepare query: SELECT obsah, stack FROM poklady WHERE typ='2' AND lokace='bankahc'
[INFO]  SQL prepare query: SELECT obsah, stack FROM poklady WHERE typ='2' AND lokace='bankaeasy'
[INFO]  SQL prepare query: SELECT obsah, stack FROM poklady WHERE typ='2' AND lokace='hraddrax'
[INFO]  SQL prepare query: SELECT obsah, stack FROM poklady WHERE typ='2' AND lokace='hraddrax2'
[INFO]  SQL prepare query: SELECT obsah, stack FROM poklady WHERE typ='2' AND lokace='kobkazatrobr'
[INFO]  SQL prepare query: SELECT obsah, stack FROM poklady WHERE typ='2' AND lokace='DimTunelK2'
[INFO]  SQL prepare query: SELECT obsah, stack FROM poklady WHERE typ='2' AND lokace='DimTunelK1'
[INFO]  SQL prepare query: SELECT obsah, stack FROM poklady WHERE typ='2' AND lokace='kobkazatrskret'
[INFO]  SQL prepare query: SELECT obsah, stack FROM poklady WHERE typ='2' AND lokace='peklo1'
[INFO]  SQL prepare query: SELECT obsah, stack FROM poklady WHERE typ='2' AND lokace='DimTunel1'
[INFO]  SQL prepare query: SELECT obsah, stack FROM poklady WHERE typ='2' AND lokace='DimTunel2'
[INFO]  SQL prepare query: SELECT obsah, stack FROM poklady WHERE typ='2' AND lokace='kobkazatrhero'
[INFO]  SQL prepare query: SELECT obsah, stack FROM poklady WHERE typ='2' AND lokace='DimTunel3'
[INFO]  SQL prepare query: SELECT obsah, stack FROM poklady WHERE typ='2' AND lokace='peklo2'
[INFO]  SQL prepare query: SELECT obsah, stack FROM poklady WHERE typ='3' AND lokace='bankahard'
[INFO]  SQL prepare query: SELECT obsah, stack FROM poklady WHERE typ='3' AND lokace='bankahc'
[INFO]  SQL prepare query: SELECT obsah, stack FROM poklady WHERE typ='3' AND lokace='bankaeasy'
[INFO]  SQL prepare query: SELECT obsah, stack FROM poklady WHERE typ='3' AND lokace='hraddrax'
[INFO]  SQL prepare query: SELECT obsah, stack FROM poklady WHERE typ='3' AND lokace='hraddrax2'
[INFO]  SQL prepare query: SELECT obsah, stack FROM poklady WHERE typ='3' AND lokace='kobkazatrobr'
[INFO]  SQL prepare query: SELECT obsah, stack FROM poklady WHERE typ='3' AND lokace='DimTunelK2'
[INFO]  SQL prepare query: SELECT obsah, stack FROM poklady WHERE typ='3' AND lokace='DimTunelK1'
[INFO]  SQL prepare query: SELECT obsah, stack FROM poklady WHERE typ='3' AND lokace='DimTunel1'
[INFO]  SQL prepare query: SELECT obsah, stack FROM poklady WHERE typ='3' AND lokace='DimTunel2'
[INFO]  SQL prepare query: SELECT obsah, stack FROM poklady WHERE typ='3' AND lokace='DimTunel3'
[INFO]  SQL prepare query: SELECT obsah, stack FROM poklady WHERE typ='3' AND lokace='kobkazatrskret'
[INFO]  SQL prepare query: SELECT obsah, stack FROM poklady WHERE typ='3' AND lokace='peklo1'
[INFO]  SQL prepare query: SELECT obsah, stack FROM poklady WHERE typ='3' AND lokace='kobkazatrhero'
[INFO]  SQL prepare query: SELECT obsah, stack FROM poklady WHERE typ='3' AND lokace='peklo2'
[INFO]  SQL prepare query: SELECT value FROM accdata WHERE account='UPFXRR4X' AND varname='banned'
[ERROR] Failed to prepare statement: Table 'arkh.accdata' doesn't exist
[INFO]  SQL prepare query: INSERT INTO logins (ip,cdkey,account) VALUES ('192.168.0.40','UPFXRR4X','shadooow')
[INFO]  SQL prepare query: SELECT value FROM pcdata WHERE player='0' AND varname='ID'
[INFO]  SQL prepare query: SELECT value FROM pcdata WHERE player='0' AND varname='ID'
[INFO]  SQL prepare query: UPDATE pcdata SET value='52' WHERE player='0' AND varname='ID'
[INFO]  SQL prepare query: SELECT value FROM pcdata WHERE player='52' AND varname='ACCOUNT'
[INFO]  SQL prepare query: INSERT INTO pcdata (player,varname,value) VALUES ('52','ACCOUNT','shadooow')
[INFO]  SQL prepare query: SELECT value FROM pcdata WHERE player='52' AND varname='NAME'
[INFO]  SQL prepare query: INSERT INTO pcdata (player,varname,value) VALUES ('52','NAME','Tert[test]healer')
[INFO]  SQL prepare query: SELECT `from`,`to`,message FROM messages WHERE `to`='shadooow' LIMIT 1
[INFO]  SQL prepare query: SELECT value FROM pcdata WHERE player='52' AND varname='kill_Dracolich'
[INFO]  SQL prepare query: SELECT value FROM pcdata WHERE player='52' AND varname='kill_Dev_Devastator'
[INFO]  SQL prepare query: SELECT value FROM pcdata WHERE player='52' AND varname='kill_a_xorn'
[INFO]  SQL prepare query: SELECT value FROM pcdata WHERE player='52' AND varname='kill_Lab_GolemMitril'
[INFO]  SQL prepare query: SELECT value FROM pcdata WHERE player='52' AND varname='kill_RT_KrovakSamanka'
[INFO]  SQL prepare query: SELECT value FROM pcdata WHERE player='52' AND varname='kill_sl_dwarven_boss'
[INFO]  SQL prepare query: SELECT value FROM pcdata WHERE player='52' AND varname='kill_MO_TrpKralHC'
[INFO]  SQL prepare query: SELECT value FROM pcdata WHERE player='52' AND varname='kill_StS_TroglodytVud'
[INFO]  SQL prepare query: SELECT value FROM pcdata WHERE player='52' AND varname='kill_StS_TrogVudHC'
[INFO]  SQL prepare query: SELECT value FROM pcdata WHERE player='52' AND varname='kill_SD_MinotaurVudce'
[INFO]  SQL prepare query: SELECT value FROM pcdata WHERE player='52' AND varname='kill_SD_MinotaurVudceHC'
[INFO]  SQL prepare query: SELECT value FROM pcdata WHERE player='52' AND varname='kill_Pod_Balrog01'
[INFO]  SQL prepare query: SELECT value FROM pcdata WHERE player='52' AND varname='kill_Pod_BalrogHC'
[INFO]  SQL prepare query: SELECT value FROM pcdata WHERE player='52' AND varname='kill_DK_DrowGeneral'
[INFO]  SQL prepare query: SELECT value FROM pcdata WHERE player='52' AND varname='kill_DK_DrowVrchniMagHC'
[INFO]  SQL prepare query: SELECT value FROM pcdata WHERE player='52' AND varname='kill_MV_KallisSentholin'
[INFO]  SQL prepare query: SELECT value FROM pcdata WHERE player='52' AND varname='kill_MV_KallisSentholinHC'
[INFO]  SQL prepare query: SELECT value FROM pcdata WHERE player='52' AND varname='oceneni_umiracek'
[INFO]  SQL prepare query: SELECT value FROM pcdata WHERE player='52' AND varname='oceneni_corka'
[INFO]  SQL prepare query: SELECT value FROM pcdata WHERE player='52' AND varname='oceneni_kazisvet'
[INFO]  SQL prepare query: SELECT value FROM pcdata WHERE player='52' AND varname='oceneni_bordelar'
[INFO]  SQL prepare query: SELECT value FROM pcdata WHERE player='52' AND varname='BankGold'
[INFO]  SQL prepare query: SELECT value FROM pcdata WHERE player='52' AND varname='HP'
[INFO]  SQL prepare query: SELECT resref, stack, charges, history FROM pcchest WHERE cdkey='UPFXRR4X'
[INFO]  SQL prepare query: SELECT value FROM pcdata WHERE player='52' AND varname='HP'
[INFO]  SQL prepare query: INSERT INTO pcdata (player,varname,value) VALUES ('52','HP','0')
[INFO]  Shutting down.
[INFO]  SQL shutdown
